# JRE version: OpenJDK Runtime Environment Microsoft-8902769 (17.0.10+7) (build 17.0.10+7-LTS)
# Java VM: OpenJDK 64-Bit Server VM Microsoft-8902769 (17.0.10+7-LTS, mixed mode, sharing, tiered, compressed oops, compressed class ptrs, g1 gc, windows-amd64)
GC Precious Log:
 CPUs: 12 total, 12 available
 Memory: 7916M
 Large Page Support: Disabled
 NUMA Support: Disabled
 Compressed Oops: Enabled (32-bit)
 Heap Region Size: 1M
 Heap Min Capacity: 8M
 Heap Initial Capacity: 124M
 Heap Max Capacity: 1980M
 Pre-touch: Disabled
 Parallel Workers: 10
 Concurrent Workers: 3
 Concurrent Refinement Workers: 10
 Periodic GC: Disabled
Heap:
 garbage-first heap   total 184320K, used 82814K [0x0000000084400000, 0x0000000100000000)
  region size 1024K, 12 young (12288K), 9 survivors (9216K)
 Metaspace       used 59970K, committed 60352K, reserved 1114112K
  class space    used 6895K, committed 7040K, reserved 1048576K
GC Heap History (20 events):
Event: 10.788 GC heap before
{Heap before GC invocations=8 (full 0):
 garbage-first heap   total 61440K, used 30286K [0x0000000084400000, 0x0000000100000000)
  region size 1024K, 6 young (6144K), 2 survivors (2048K)
 Metaspace       used 35715K, committed 35968K, reserved 1114112K
  class space    used 4410K, committed 4544K, reserved 1048576K
}
Event: 10.794 GC heap after
{Heap after GC invocations=9 (full 0):
 garbage-first heap   total 61440K, used 28042K [0x0000000084400000, 0x0000000100000000)
  region size 1024K, 1 young (1024K), 1 survivors (1024K)
 Metaspace       used 35715K, committed 35968K, reserved 1114112K
  class space    used 4410K, committed 4544K, reserved 1048576K
}
Event: 11.735 GC heap before
{Heap before GC invocations=10 (full 0):
 garbage-first heap   total 61440K, used 49546K [0x0000000084400000, 0x0000000100000000)
  region size 1024K, 20 young (20480K), 1 survivors (1024K)
 Metaspace       used 38984K, committed 39168K, reserved 1114112K
  class space    used 4797K, committed 4864K, reserved 1048576K
}
Event: 11.744 GC heap after
{Heap after GC invocations=11 (full 0):
 garbage-first heap   total 61440K, used 33485K [0x0000000084400000, 0x0000000100000000)
  region size 1024K, 3 young (3072K), 3 survivors (3072K)
 Metaspace       used 38984K, committed 39168K, reserved 1114112K
  class space    used 4797K, committed 4864K, reserved 1048576K
}
Event: 11.773 GC heap before
{Heap before GC invocations=11 (full 0):
 garbage-first heap   total 61440K, used 34509K [0x0000000084400000, 0x0000000100000000)
  region size 1024K, 4 young (4096K), 3 survivors (3072K)
 Metaspace       used 39174K, committed 39424K, reserved 1114112K
  class space    used 4817K, committed 4928K, reserved 1048576K
}
Event: 11.780 GC heap after
{Heap after GC invocations=12 (full 0):
 garbage-first heap   total 110592K, used 33428K [0x0000000084400000, 0x0000000100000000)
  region size 1024K, 1 young (1024K), 1 survivors (1024K)
 Metaspace       used 39174K, committed 39424K, reserved 1114112K
  class space    used 4817K, committed 4928K, reserved 1048576K
}
Event: 13.103 GC heap before
{Heap before GC invocations=12 (full 0):
 garbage-first heap   total 110592K, used 79508K [0x0000000084400000, 0x0000000100000000)
  region size 1024K, 45 young (46080K), 1 survivors (1024K)
 Metaspace       used 42202K, committed 42496K, reserved 1114112K
  class space    used 5108K, committed 5248K, reserved 1048576K
}
Event: 13.124 GC heap after
{Heap after GC invocations=13 (full 0):
 garbage-first heap   total 110592K, used 38795K [0x0000000084400000, 0x0000000100000000)
  region size 1024K, 6 young (6144K), 6 survivors (6144K)
 Metaspace       used 42202K, committed 42496K, reserved 1114112K
  class space    used 5108K, committed 5248K, reserved 1048576K
}
Event: 15.269 GC heap before
{Heap before GC invocations=13 (full 0):
 garbage-first heap   total 110592K, used 77707K [0x0000000084400000, 0x0000000100000000)
  region size 1024K, 44 young (45056K), 6 survivors (6144K)
 Metaspace       used 49111K, committed 49472K, reserved 1114112K
  class space    used 5972K, committed 6144K, reserved 1048576K
}
Event: 15.294 GC heap after
{Heap after GC invocations=14 (full 0):
 garbage-first heap   total 110592K, used 43760K [0x0000000084400000, 0x0000000100000000)
  region size 1024K, 5 young (5120K), 5 survivors (5120K)
 Metaspace       used 49111K, committed 49472K, reserved 1114112K
  class space    used 5972K, committed 6144K, reserved 1048576K
}
Event: 17.800 GC heap before
{Heap before GC invocations=14 (full 0):
 garbage-first heap   total 110592K, used 81648K [0x0000000084400000, 0x0000000100000000)
  region size 1024K, 42 young (43008K), 5 survivors (5120K)
 Metaspace       used 51307K, committed 51584K, reserved 1114112K
  class space    used 6069K, committed 6208K, reserved 1048576K
}
Event: 17.828 GC heap after
{Heap after GC invocations=15 (full 0):
 garbage-first heap   total 110592K, used 50572K [0x0000000084400000, 0x0000000100000000)
  region size 1024K, 6 young (6144K), 6 survivors (6144K)
 Metaspace       used 51307K, committed 51584K, reserved 1114112K
  class space    used 6069K, committed 6208K, reserved 1048576K
}
Event: 18.789 GC heap before
{Heap before GC invocations=15 (full 0):
 garbage-first heap   total 110592K, used 83340K [0x0000000084400000, 0x0000000100000000)
  region size 1024K, 38 young (38912K), 6 survivors (6144K)
 Metaspace       used 51991K, committed 52352K, reserved 1114112K
  class space    used 6161K, committed 6336K, reserved 1048576K
}
Event: 18.832 GC heap after
{Heap after GC invocations=16 (full 0):
 garbage-first heap   total 184320K, used 56810K [0x0000000084400000, 0x0000000100000000)
  region size 1024K, 5 young (5120K), 5 survivors (5120K)
 Metaspace       used 51991K, committed 52352K, reserved 1114112K
  class space    used 6161K, committed 6336K, reserved 1048576K
}
Event: 20.426 GC heap before
{Heap before GC invocations=16 (full 0):
 garbage-first heap   total 184320K, used 133610K [0x0000000084400000, 0x0000000100000000)
  region size 1024K, 80 young (81920K), 5 survivors (5120K)
 Metaspace       used 53145K, committed 53504K, reserved 1114112K
  class space    used 6269K, committed 6464K, reserved 1048576K
}
Event: 20.455 GC heap after
{Heap after GC invocations=17 (full 0):
 garbage-first heap   total 184320K, used 67489K [0x0000000084400000, 0x0000000100000000)
  region size 1024K, 10 young (10240K), 10 survivors (10240K)
 Metaspace       used 53145K, committed 53504K, reserved 1114112K
  class space    used 6269K, committed 6464K, reserved 1048576K
}
Event: 22.586 GC heap before
{Heap before GC invocations=17 (full 0):
 garbage-first heap   total 184320K, used 134049K [0x0000000084400000, 0x0000000100000000)
  region size 1024K, 74 young (75776K), 10 survivors (10240K)
 Metaspace       used 55670K, committed 56000K, reserved 1114112K
  class space    used 6496K, committed 6656K, reserved 1048576K
}
Event: 22.605 GC heap after
{Heap after GC invocations=18 (full 0):
 garbage-first heap   total 184320K, used 73219K [0x0000000084400000, 0x0000000100000000)
  region size 1024K, 5 young (5120K), 5 survivors (5120K)
 Metaspace       used 55670K, committed 56000K, reserved 1114112K
  class space    used 6496K, committed 6656K, reserved 1048576K
}
Event: 26.843 GC heap before
{Heap before GC invocations=18 (full 0):
 garbage-first heap   total 184320K, used 132611K [0x0000000084400000, 0x0000000100000000)
  region size 1024K, 64 young (65536K), 5 survivors (5120K)
 Metaspace       used 59964K, committed 60288K, reserved 1114112K
  class space    used 6889K, committed 7040K, reserved 1048576K
}
Event: 26.865 GC heap after
{Heap after GC invocations=19 (full 0):
 garbage-first heap   total 184320K, used 80766K [0x0000000084400000, 0x0000000100000000)
  region size 1024K, 9 young (9216K), 9 survivors (9216K)
 Metaspace       used 59964K, committed 60288K, reserved 1114112K
  class space    used 6889K, committed 7040K, reserved 1048576K
}

